<?xml version="1.0" encoding="UTF-8"?>
<testsuite name="ContestCategoryServiceTest" tests="4" skipped="0" failures="0" errors="0" timestamp="2024-11-25T16:19:15" hostname="DESKTOP-IOCPO1M" time="3.121">
  <properties/>
  <testcase name="testFindAll()" classname="ContestCategoryServiceTest" time="3.037"/>
  <testcase name="testSave()" classname="ContestCategoryServiceTest" time="0.047"/>
  <testcase name="testFindById()" classname="ContestCategoryServiceTest" time="0.011"/>
  <testcase name="testDeleteById()" classname="ContestCategoryServiceTest" time="0.007"/>
  <system-out><![CDATA[]]></system-out>
  <system-err><![CDATA[]]></system-err>
</testsuite>
